[2J[;H781│543│926
..6│179│5..
954│628│731
───┼───┼───
695│837│214
148│265│379
327│914│8..
───┼───┼───
413│752│698
..2│...│4..
579│486│1.3
[2J[;H781│543│926
..6│179│5..
954│628│731
───┼───┼───
695│837│214
148│265│379
327│914│8..
───┼───┼───
413│752│698
..2│...│4..
579│486│1.3
[2J[;H781│543│926
..6│179│5..
954│628│731
───┼───┼───
695│837│214
148│265│379
327│914│8..
───┼───┼───
413│752│698
..2│...│4..
579│486│1.3
[2J[;H781│543│926
..6│179│5..
954│628│731
───┼───┼───
695│837│214
148│265│379
327│914│8..
───┼───┼───
413│752│698
..2│...│4..
579│486│1.3
[2J[;H781│543│926
..6│179│5..
954│628│731
───┼───┼───
695│837│214
148│265│379
327│914│8..
───┼───┼───
413│752│698
..2│...│4..
579│486│1.3
[2J[;H781│543│926
..6│179│5..
954│628│731
───┼───┼───
695│837│214
148│265│379
327│914│8..
───┼───┼───
413│752│698
..2│...│4..
579│486│1.3
[2J[;H781│543│926
..6│179│5..
954│628│731
───┼───┼───
695│837│214
148│265│379
327│914│8..
───┼───┼───
413│752│698
..2│...│4..
579│486│1.3
[2J[;H781│543│926
..6│179│5..
954│628│731
───┼───┼───
695│837│214
148│265│379
327│914│8..
───┼───┼───
413│752│698
..2│...│4..
579│486│1.3
[2J[;H781│543│926
..6│179│5..
954│628│731
───┼───┼───
695│837│214
148│265│379
327│914│8..
───┼───┼───
413│752│698
..2│...│4..
579│486│1.3
[2J[;H781│543│926
..6│179│5..
954│628│731
───┼───┼───
695│837│214
148│265│379
327│914│8..
───┼───┼───
413│752│698
..2│...│4..
579│486│1.3
[2J[;H781│543│926
2.6│179│5..
954│628│731
───┼───┼───
695│837│214
148│265│379
327│914│8..
───┼───┼───
413│752│698
..2│...│4..
579│486│1.3
[2J[;H781│543│926
236│179│5..
954│628│731
───┼───┼───
695│837│214
148│265│379
327│914│8..
───┼───┼───
413│752│698
..2│...│4..
579│486│1.3
[2J[;H781│543│926
236│179│5..
954│628│731
───┼───┼───
695│837│214
148│265│379
327│914│8..
───┼───┼───
413│752│698
..2│...│4..
579│486│1.3
[2J[;H781│543│926
236│179│5..
954│628│731
───┼───┼───
695│837│214
148│265│379
327│914│8..
───┼───┼───
413│752│698
..2│...│4..
579│486│1.3
[2J[;H781│543│926
236│179│5..
954│628│731
───┼───┼───
695│837│214
148│265│379
327│914│8..
───┼───┼───
413│752│698
..2│...│4..
579│486│1.3
[2J[;H781│543│926
236│179│5..
954│628│731
───┼───┼───
695│837│214
148│265│379
327│914│8..
───┼───┼───
413│752│698
..2│...│4..
579│486│1.3
[2J[;H781│543│926
236│179│5..
954│628│731
───┼───┼───
695│837│214
148│265│379
327│914│8..
───┼───┼───
413│752│698
..2│...│4..
579│486│1.3
[2J[;H781│543│926
236│179│54.
954│628│731
───┼───┼───
695│837│214
148│265│379
327│914│8..
───┼───┼───
413│752│698
..2│...│4..
579│486│1.3
[2J[;H781│543│926
236│179│58.
954│628│731
───┼───┼───
695│837│214
148│265│379
327│914│8..
───┼───┼───
413│752│698
..2│...│4..
579│486│1.3
no solution
