[2J[;H5..│467│3.9
9.3│81.│427
174│2.3│...
───┼───┼───
231│976│854
857│124│.9.
496│3.8│172
───┼───┼───
...│.89│26.
782│641│..5
.1.│...│7.8
[2J[;H5..│467│3.9
9.3│81.│427
174│2.3│...
───┼───┼───
231│976│854
857│124│.9.
496│3.8│172
───┼───┼───
...│.89│26.
782│641│..5
.1.│...│7.8
[2J[;H52.│467│3.9
9.3│81.│427
174│2.3│...
───┼───┼───
231│976│854
857│124│.9.
496│3.8│172
───┼───┼───
...│.89│26.
782│641│..5
.1.│...│7.8
[2J[;H528│467│3.9
9.3│81.│427
174│2.3│...
───┼───┼───
231│976│854
857│124│.9.
496│3.8│172
───┼───┼───
...│.89│26.
782│641│..5
.1.│...│7.8
[2J[;H528│467│3.9
9.3│81.│427
174│2.3│...
───┼───┼───
231│976│854
857│124│.9.
496│3.8│172
───┼───┼───
...│.89│26.
782│641│..5
.1.│...│7.8
[2J[;H528│467│3.9
9.3│81.│427
174│2.3│...
───┼───┼───
231│976│854
857│124│.9.
496│3.8│172
───┼───┼───
...│.89│26.
782│641│..5
.1.│...│7.8
[2J[;H528│467│3.9
9.3│81.│427
174│2.3│...
───┼───┼───
231│976│854
857│124│.9.
496│3.8│172
───┼───┼───
...│.89│26.
782│641│..5
.1.│...│7.8
[2J[;H528│467│3.9
9.3│81.│427
174│2.3│...
───┼───┼───
231│976│854
857│124│.9.
496│3.8│172
───┼───┼───
...│.89│26.
782│641│..5
.1.│...│7.8
[2J[;H528│467│319
9.3│81.│427
174│2.3│...
───┼───┼───
231│976│854
857│124│.9.
496│3.8│172
───┼───┼───
...│.89│26.
782│641│..5
.1.│...│7.8
[2J[;H528│467│319
9.3│81.│427
174│2.3│...
───┼───┼───
231│976│854
857│124│.9.
496│3.8│172
───┼───┼───
...│.89│26.
782│641│..5
.1.│...│7.8
[2J[;H528│467│319
9.3│81.│427
174│2.3│...
───┼───┼───
231│976│854
857│124│.9.
496│3.8│172
───┼───┼───
...│.89│26.
782│641│..5
.1.│...│7.8
[2J[;H528│467│319
963│81.│427
174│2.3│...
───┼───┼───
231│976│854
857│124│.9.
496│3.8│172
───┼───┼───
...│.89│26.
782│641│..5
.1.│...│7.8
[2J[;H528│467│319
963│81.│427
174│2.3│...
───┼───┼───
231│976│854
857│124│.9.
496│3.8│172
───┼───┼───
...│.89│26.
782│641│..5
.1.│...│7.8
[2J[;H528│467│319
963│81.│427
174│2.3│...
───┼───┼───
231│976│854
857│124│.9.
496│3.8│172
───┼───┼───
...│.89│26.
782│641│..5
.1.│...│7.8
[2J[;H528│467│319
963│81.│427
174│2.3│...
───┼───┼───
231│976│854
857│124│.9.
496│3.8│172
───┼───┼───
...│.89│26.
782│641│..5
.1.│...│7.8
[2J[;H528│467│319
963│815│427
174│2.3│...
───┼───┼───
231│976│854
857│124│.9.
496│3.8│172
───┼───┼───
...│.89│26.
782│641│..5
.1.│...│7.8
[2J[;H528│467│319
963│815│427
174│2.3│...
───┼───┼───
231│976│854
857│124│.9.
496│3.8│172
───┼───┼───
...│.89│26.
782│641│..5
.1.│...│7.8
[2J[;H528│467│319
963│815│427
174│2.3│...
───┼───┼───
231│976│854
857│124│.9.
496│3.8│172
───┼───┼───
...│.89│26.
782│641│..5
.1.│...│7.8
[2J[;H528│467│319
963│815│427
174│2.3│...
───┼───┼───
231│976│854
857│124│.9.
496│3.8│172
───┼───┼───
...│.89│26.
782│641│..5
.1.│...│7.8
[2J[;H528│467│319
963│815│427
174│2.3│...
───┼───┼───
231│976│854
857│124│.9.
496│3.8│172
───┼───┼───
...│.89│26.
782│641│..5
.1.│...│7.8
[2J[;H528│467│319
963│815│427
174│2.3│...
───┼───┼───
231│976│854
857│124│.9.
496│3.8│172
───┼───┼───
...│.89│26.
782│641│..5
.1.│...│7.8
[2J[;H528│467│319
963│815│427
174│2.3│...
───┼───┼───
231│976│854
857│124│.9.
496│3.8│172
───┼───┼───
...│.89│26.
782│641│..5
.1.│...│7.8
[2J[;H528│467│319
963│815│427
174│2.3│...
───┼───┼───
231│976│854
857│124│.9.
496│3.8│172
───┼───┼───
...│.89│26.
782│641│..5
.1.│...│7.8
[2J[;H528│467│319
963│815│427
174│293│...
───┼───┼───
231│976│854
857│124│.9.
496│3.8│172
───┼───┼───
...│.89│26.
782│641│..5
.1.│...│7.8
[2J[;H528│467│319
963│815│427
174│293│...
───┼───┼───
231│976│854
857│124│.9.
496│3.8│172
───┼───┼───
...│.89│26.
782│641│..5
.1.│...│7.8
[2J[;H528│467│319
963│815│427
174│293│5..
───┼───┼───
231│976│854
857│124│.9.
496│3.8│172
───┼───┼───
...│.89│26.
782│641│..5
.1.│...│7.8
[2J[;H528│467│319
963│815│427
174│293│58.
───┼───┼───
231│976│854
857│124│.9.
496│3.8│172
───┼───┼───
...│.89│26.
782│641│..5
.1.│...│7.8
[2J[;H528│467│319
963│815│427
174│293│586
───┼───┼───
231│976│854
857│124│.9.
496│3.8│172
───┼───┼───
...│.89│26.
782│641│..5
.1.│...│7.8
[2J[;H528│467│319
963│815│427
174│293│586
───┼───┼───
231│976│854
857│124│.9.
496│3.8│172
───┼───┼───
...│.89│26.
782│641│..5
.1.│...│7.8
[2J[;H528│467│319
963│815│427
174│293│586
───┼───┼───
231│976│854
857│124│.9.
496│3.8│172
───┼───┼───
...│.89│26.
782│641│..5
.1.│...│7.8
[2J[;H528│467│319
963│815│427
174│293│586
───┼───┼───
231│976│854
857│124│.9.
496│3.8│172
───┼───┼───
...│.89│26.
782│641│..5
.1.│...│7.8
[2J[;H528│467│319
963│815│427
174│293│586
───┼───┼───
231│976│854
857│124│.9.
496│3.8│172
───┼───┼───
...│.89│26.
782│641│..5
.1.│...│7.8
[2J[;H528│467│319
963│815│427
174│293│586
───┼───┼───
231│976│854
857│124│.9.
496│3.8│172
───┼───┼───
...│.89│26.
782│641│..5
.1.│...│7.8
[2J[;H528│467│319
963│815│427
174│293│586
───┼───┼───
231│976│854
857│124│.9.
496│3.8│172
───┼───┼───
...│.89│26.
782│641│..5
.1.│...│7.8
[2J[;H528│467│319
963│815│427
174│293│586
───┼───┼───
231│976│854
857│124│.9.
496│3.8│172
───┼───┼───
...│.89│26.
782│641│..5
.1.│...│7.8
[2J[;H528│467│319
963│815│427
174│293│586
───┼───┼───
231│976│854
857│124│.9.
496│3.8│172
───┼───┼───
...│.89│26.
782│641│..5
.1.│...│7.8
[2J[;H528│467│319
963│815│427
174│293│586
───┼───┼───
231│976│854
857│124│.9.
496│3.8│172
───┼───┼───
...│.89│26.
782│641│..5
.1.│...│7.8
[2J[;H528│467│319
963│815│427
174│293│586
───┼───┼───
231│976│854
857│124│.9.
496│3.8│172
───┼───┼───
...│.89│26.
782│641│..5
.1.│...│7.8
[2J[;H528│467│319
963│815│427
174│293│586
───┼───┼───
231│976│854
857│124│.9.
496│3.8│172
───┼───┼───
...│.89│26.
782│641│..5
.1.│...│7.8
[2J[;H528│467│319
963│815│427
174│293│586
───┼───┼───
231│976│854
857│124│.9.
496│3.8│172
───┼───┼───
...│.89│26.
782│641│..5
.1.│...│7.8
[2J[;H528│467│319
963│815│427
174│293│586
───┼───┼───
231│976│854
857│124│.9.
496│3.8│172
───┼───┼───
...│.89│26.
782│641│..5
.1.│...│7.8
[2J[;H528│467│319
963│815│427
174│293│586
───┼───┼───
231│976│854
857│124│.9.
496│3.8│172
───┼───┼───
...│.89│26.
782│641│..5
.1.│...│7.8
[2J[;H528│467│319
963│815│427
174│293│586
───┼───┼───
231│976│854
857│124│.9.
496│3.8│172
───┼───┼───
...│.89│26.
782│641│..5
.1.│...│7.8
[2J[;H528│467│319
963│815│427
174│293│586
───┼───┼───
231│976│854
857│124│69.
496│3.8│172
───┼───┼───
...│.89│26.
782│641│..5
.1.│...│7.8
[2J[;H528│467│319
963│815│427
174│293│586
───┼───┼───
231│976│854
857│124│69.
496│3.8│172
───┼───┼───
...│.89│26.
782│641│..5
.1.│...│7.8
[2J[;H528│467│319
963│815│427
174│293│586
───┼───┼───
231│976│854
857│124│693
496│3.8│172
───┼───┼───
...│.89│26.
782│641│..5
.1.│...│7.8
[2J[;H528│467│319
963│815│427
174│293│586
───┼───┼───
231│976│854
857│124│693
496│3.8│172
───┼───┼───
...│.89│26.
782│641│..5
.1.│...│7.8
[2J[;H528│467│319
963│815│427
174│293│586
───┼───┼───
231│976│854
857│124│693
496│3.8│172
───┼───┼───
...│.89│26.
782│641│..5
.1.│...│7.8
[2J[;H528│467│319
963│815│427
174│293│586
───┼───┼───
231│976│854
857│124│693
496│3.8│172
───┼───┼───
...│.89│26.
782│641│..5
.1.│...│7.8
[2J[;H528│467│319
963│815│427
174│293│586
───┼───┼───
231│976│854
857│124│693
496│3.8│172
───┼───┼───
...│.89│26.
782│641│..5
.1.│...│7.8
[2J[;H528│467│319
963│815│427
174│293│586
───┼───┼───
231│976│854
857│124│693
496│358│172
───┼───┼───
...│.89│26.
782│641│..5
.1.│...│7.8
[2J[;H528│467│319
963│815│427
174│293│586
───┼───┼───
231│976│854
857│124│693
496│358│172
───┼───┼───
...│.89│26.
782│641│..5
.1.│...│7.8
[2J[;H528│467│319
963│815│427
174│293│586
───┼───┼───
231│976│854
857│124│693
496│358│172
───┼───┼───
...│.89│26.
782│641│..5
.1.│...│7.8
[2J[;H528│467│319
963│815│427
174│293│586
───┼───┼───
231│976│854
857│124│693
496│358│172
───┼───┼───
...│.89│26.
782│641│..5
.1.│...│7.8
[2J[;H528│467│319
963│815│427
174│293│586
───┼───┼───
231│976│854
857│124│693
496│358│172
───┼───┼───
...│.89│26.
782│641│..5
.1.│...│7.8
[2J[;H528│467│319
963│815│427
174│293│586
───┼───┼───
231│976│854
857│124│693
496│358│172
───┼───┼───
3..│.89│26.
782│641│..5
.1.│...│7.8
[2J[;H528│467│319
963│815│427
174│293│586
───┼───┼───
231│976│854
857│124│693
496│358│172
───┼───┼───
34.│.89│26.
782│641│..5
.1.│...│7.8
[2J[;H528│467│319
963│815│427
174│293│586
───┼───┼───
231│976│854
857│124│693
496│358│172
───┼───┼───
345│.89│26.
782│641│..5
.1.│...│7.8
[2J[;H528│467│319
963│815│427
174│293│586
───┼───┼───
231│976│854
857│124│693
496│358│172
───┼───┼───
345│789│26.
782│641│..5
.1.│...│7.8
[2J[;H528│467│319
963│815│427
174│293│586
───┼───┼───
231│976│854
857│124│693
496│358│172
───┼───┼───
345│789│26.
782│641│..5
.1.│...│7.8
[2J[;H528│467│319
963│815│427
174│293│586
───┼───┼───
231│976│854
857│124│693
496│358│172
───┼───┼───
345│789│26.
782│641│..5
.1.│...│7.8
[2J[;H528│467│319
963│815│427
174│293│586
───┼───┼───
231│976│854
857│124│693
496│358│172
───┼───┼───
345│789│26.
782│641│..5
.1.│...│7.8
[2J[;H528│467│319
963│815│427
174│293│586
───┼───┼───
231│976│854
857│124│693
496│358│172
───┼───┼───
345│789│26.
782│641│..5
.1.│...│7.8
[2J[;H528│467│319
963│815│427
174│293│586
───┼───┼───
231│976│854
857│124│693
496│358│172
───┼───┼───
345│789│261
782│641│..5
.1.│...│7.8
[2J[;H528│467│319
963│815│427
174│293│586
───┼───┼───
231│976│854
857│124│693
496│358│172
───┼───┼───
345│789│261
782│641│..5
.1.│...│7.8
[2J[;H528│467│319
963│815│427
174│293│586
───┼───┼───
231│976│854
857│124│693
496│358│172
───┼───┼───
345│789│261
782│641│..5
.1.│...│7.8
[2J[;H528│467│319
963│815│427
174│293│586
───┼───┼───
231│976│854
857│124│693
496│358│172
───┼───┼───
345│789│261
782│641│..5
.1.│...│7.8
[2J[;H528│467│319
963│815│427
174│293│586
───┼───┼───
231│976│854
857│124│693
496│358│172
───┼───┼───
345│789│261
782│641│..5
.1.│...│7.8
[2J[;H528│467│319
963│815│427
174│293│586
───┼───┼───
231│976│854
857│124│693
496│358│172
───┼───┼───
345│789│261
782│641│..5
.1.│...│7.8
[2J[;H528│467│319
963│815│427
174│293│586
───┼───┼───
231│976│854
857│124│693
496│358│172
───┼───┼───
345│789│261
782│641│..5
.1.│...│7.8
[2J[;H528│467│319
963│815│427
174│293│586
───┼───┼───
231│976│854
857│124│693
496│358│172
───┼───┼───
345│789│261
782│641│9.5
.1.│...│7.8
[2J[;H528│467│319
963│815│427
174│293│586
───┼───┼───
231│976│854
857│124│693
496│358│172
───┼───┼───
345│789│261
782│641│935
.1.│...│7.8
[2J[;H528│467│319
963│815│427
174│293│586
───┼───┼───
231│976│854
857│124│693
496│358│172
───┼───┼───
345│789│261
782│641│935
.1.│...│7.8
[2J[;H528│467│319
963│815│427
174│293│586
───┼───┼───
231│976│854
857│124│693
496│358│172
───┼───┼───
345│789│261
782│641│935
61.│...│7.8
[2J[;H528│467│319
963│815│427
174│293│586
───┼───┼───
231│976│854
857│124│693
496│358│172
───┼───┼───
345│789│261
782│641│935
61.│...│7.8
[2J[;H528│467│319
963│815│427
174│293│586
───┼───┼───
231│976│854
857│124│693
496│358│172
───┼───┼───
345│789│261
782│641│935
619│...│7.8
[2J[;H528│467│319
963│815│427
174│293│586
───┼───┼───
231│976│854
857│124│693
496│358│172
───┼───┼───
345│789│261
782│641│935
619│5..│7.8
[2J[;H528│467│319
963│815│427
174│293│586
───┼───┼───
231│976│854
857│124│693
496│358│172
───┼───┼───
345│789│261
782│641│935
619│53.│7.8
[2J[;H528│467│319
963│815│427
174│293│586
───┼───┼───
231│976│854
857│124│693
496│358│172
───┼───┼───
345│789│261
782│641│935
619│532│7.8
[2J[;H528│467│319
963│815│427
174│293│586
───┼───┼───
231│976│854
857│124│693
496│358│172
───┼───┼───
345│789│261
782│641│935
619│532│7.8
[2J[;H528│467│319
963│815│427
174│293│586
───┼───┼───
231│976│854
857│124│693
496│358│172
───┼───┼───
345│789│261
782│641│935
619│532│748
[2J[;H528│467│319
963│815│427
174│293│586
───┼───┼───
231│976│854
857│124│693
496│358│172
───┼───┼───
345│789│261
782│641│935
619│532│748
[2J[;H528│467│319
963│815│427
174│293│586
───┼───┼───
231│976│854
857│124│693
496│358│172
───┼───┼───
345│789│261
782│641│935
619│532│748
