[2J[;H.57│841│...
92.│..5│4.8
.8.│6..│375
───┼───┼───
...│763│.41
.34│..8│29.
168│.9.│5..
───┼───┼───
8..│15.│.29
6.9│48.│7.3
2.5│..6│.8.
[2J[;H357│841│...
92.│..5│4.8
.8.│6..│375
───┼───┼───
...│763│.41
.34│..8│29.
168│.9.│5..
───┼───┼───
8..│15.│.29
6.9│48.│7.3
2.5│..6│.8.
[2J[;H357│841│...
92.│..5│4.8
.8.│6..│375
───┼───┼───
...│763│.41
.34│..8│29.
168│.9.│5..
───┼───┼───
8..│15.│.29
6.9│48.│7.3
2.5│..6│.8.
[2J[;H357│841│...
92.│..5│4.8
.8.│6..│375
───┼───┼───
...│763│.41
.34│..8│29.
168│.9.│5..
───┼───┼───
8..│15.│.29
6.9│48.│7.3
2.5│..6│.8.
[2J[;H357│841│...
92.│..5│4.8
.8.│6..│375
───┼───┼───
...│763│.41
.34│..8│29.
168│.9.│5..
───┼───┼───
8..│15.│.29
6.9│48.│7.3
2.5│..6│.8.
[2J[;H357│841│...
92.│..5│4.8
.8.│6..│375
───┼───┼───
...│763│.41
.34│..8│29.
168│.9.│5..
───┼───┼───
8..│15.│.29
6.9│48.│7.3
2.5│..6│.8.
[2J[;H357│841│...
92.│..5│4.8
.8.│6..│375
───┼───┼───
...│763│.41
.34│..8│29.
168│.9.│5..
───┼───┼───
8..│15.│.29
6.9│48.│7.3
2.5│..6│.8.
[2J[;H357│841│6..
92.│..5│4.8
.8.│6..│375
───┼───┼───
...│763│.41
.34│..8│29.
168│.9.│5..
───┼───┼───
8..│15.│.29
6.9│48.│7.3
2.5│..6│.8.
[2J[;H357│841│9..
92.│..5│4.8
.8.│6..│375
───┼───┼───
...│763│.41
.34│..8│29.
168│.9.│5..
───┼───┼───
8..│15.│.29
6.9│48.│7.3
2.5│..6│.8.
[2J[;H357│841│96.
92.│..5│4.8
.8.│6..│375
───┼───┼───
...│763│.41
.34│..8│29.
168│.9.│5..
───┼───┼───
8..│15.│.29
6.9│48.│7.3
2.5│..6│.8.
[2J[;H357│841│962
92.│..5│4.8
.8.│6..│375
───┼───┼───
...│763│.41
.34│..8│29.
168│.9.│5..
───┼───┼───
8..│15.│.29
6.9│48.│7.3
2.5│..6│.8.
[2J[;H357│841│962
92.│..5│4.8
.8.│6..│375
───┼───┼───
...│763│.41
.34│..8│29.
168│.9.│5..
───┼───┼───
8..│15.│.29
6.9│48.│7.3
2.5│..6│.8.
[2J[;H357│841│962
92.│..5│4.8
.8.│6..│375
───┼───┼───
...│763│.41
.34│..8│29.
168│.9.│5..
───┼───┼───
8..│15.│.29
6.9│48.│7.3
2.5│..6│.8.
[2J[;H357│841│962
921│..5│4.8
.8.│6..│375
───┼───┼───
...│763│.41
.34│..8│29.
168│.9.│5..
───┼───┼───
8..│15.│.29
6.9│48.│7.3
2.5│..6│.8.
[2J[;H357│841│962
921│3.5│4.8
.8.│6..│375
───┼───┼───
...│763│.41
.34│..8│29.
168│.9.│5..
───┼───┼───
8..│15.│.29
6.9│48.│7.3
2.5│..6│.8.
[2J[;H357│841│962
921│375│4.8
.8.│6..│375
───┼───┼───
...│763│.41
.34│..8│29.
168│.9.│5..
───┼───┼───
8..│15.│.29
6.9│48.│7.3
2.5│..6│.8.
[2J[;H357│841│962
921│375│4.8
.8.│6..│375
───┼───┼───
...│763│.41
.34│..8│29.
168│.9.│5..
───┼───┼───
8..│15.│.29
6.9│48.│7.3
2.5│..6│.8.
[2J[;H357│841│962
921│375│4.8
.8.│6..│375
───┼───┼───
...│763│.41
.34│..8│29.
168│.9.│5..
───┼───┼───
8..│15.│.29
6.9│48.│7.3
2.5│..6│.8.
[2J[;H357│841│962
926│..5│4.8
.8.│6..│375
───┼───┼───
...│763│.41
.34│..8│29.
168│.9.│5..
───┼───┼───
8..│15.│.29
6.9│48.│7.3
2.5│..6│.8.
[2J[;H357│841│962
926│3.5│4.8
.8.│6..│375
───┼───┼───
...│763│.41
.34│..8│29.
168│.9.│5..
───┼───┼───
8..│15.│.29
6.9│48.│7.3
2.5│..6│.8.
[2J[;H357│841│962
926│375│4.8
.8.│6..│375
───┼───┼───
...│763│.41
.34│..8│29.
168│.9.│5..
───┼───┼───
8..│15.│.29
6.9│48.│7.3
2.5│..6│.8.
[2J[;H357│841│962
926│375│4.8
.8.│6..│375
───┼───┼───
...│763│.41
.34│..8│29.
168│.9.│5..
───┼───┼───
8..│15.│.29
6.9│48.│7.3
2.5│..6│.8.
[2J[;H357│841│962
926│375│4.8
.8.│6..│375
───┼───┼───
...│763│.41
.34│..8│29.
168│.9.│5..
───┼───┼───
8..│15.│.29
6.9│48.│7.3
2.5│..6│.8.
[2J[;H357│841│962
926│375│418
.8.│6..│375
───┼───┼───
...│763│.41
.34│..8│29.
168│.9.│5..
───┼───┼───
8..│15.│.29
6.9│48.│7.3
2.5│..6│.8.
[2J[;H357│841│962
926│375│418
.8.│6..│375
───┼───┼───
...│763│.41
.34│..8│29.
168│.9.│5..
───┼───┼───
8..│15.│.29
6.9│48.│7.3
2.5│..6│.8.
[2J[;H357│841│962
926│375│418
48.│6..│375
───┼───┼───
...│763│.41
.34│..8│29.
168│.9.│5..
───┼───┼───
8..│15.│.29
6.9│48.│7.3
2.5│..6│.8.
[2J[;H357│841│962
926│375│418
48.│6..│375
───┼───┼───
...│763│.41
.34│..8│29.
168│.9.│5..
───┼───┼───
8..│15.│.29
6.9│48.│7.3
2.5│..6│.8.
[2J[;H357│841│962
926│375│418
481│6..│375
───┼───┼───
...│763│.41
.34│..8│29.
168│.9.│5..
───┼───┼───
8..│15.│.29
6.9│48.│7.3
2.5│..6│.8.
[2J[;H357│841│962
926│375│418
481│6..│375
───┼───┼───
...│763│.41
.34│..8│29.
168│.9.│5..
───┼───┼───
8..│15.│.29
6.9│48.│7.3
2.5│..6│.8.
[2J[;H357│841│962
926│375│418
481│62.│375
───┼───┼───
...│763│.41
.34│..8│29.
168│.9.│5..
───┼───┼───
8..│15.│.29
6.9│48.│7.3
2.5│..6│.8.
[2J[;H357│841│962
926│375│418
481│629│375
───┼───┼───
...│763│.41
.34│..8│29.
168│.9.│5..
───┼───┼───
8..│15.│.29
6.9│48.│7.3
2.5│..6│.8.
[2J[;H357│841│962
926│375│418
481│629│375
───┼───┼───
...│763│.41
.34│..8│29.
168│.9.│5..
───┼───┼───
8..│15.│.29
6.9│48.│7.3
2.5│..6│.8.
[2J[;H357│841│962
926│375│418
481│629│375
───┼───┼───
...│763│.41
.34│..8│29.
168│.9.│5..
───┼───┼───
8..│15.│.29
6.9│48.│7.3
2.5│..6│.8.
[2J[;H357│841│962
926│375│418
481│629│375
───┼───┼───
...│763│.41
.34│..8│29.
168│.9.│5..
───┼───┼───
8..│15.│.29
6.9│48.│7.3
2.5│..6│.8.
[2J[;H357│841│962
926│375│418
481│629│375
───┼───┼───
5..│763│.41
.34│..8│29.
168│.9.│5..
───┼───┼───
8..│15.│.29
6.9│48.│7.3
2.5│..6│.8.
[2J[;H357│841│962
926│375│418
481│629│375
───┼───┼───
59.│763│.41
.34│..8│29.
168│.9.│5..
───┼───┼───
8..│15.│.29
6.9│48.│7.3
2.5│..6│.8.
[2J[;H357│841│962
926│375│418
481│629│375
───┼───┼───
592│763│.41
.34│..8│29.
168│.9.│5..
───┼───┼───
8..│15.│.29
6.9│48.│7.3
2.5│..6│.8.
[2J[;H357│841│962
926│375│418
481│629│375
───┼───┼───
592│763│.41
.34│..8│29.
168│.9.│5..
───┼───┼───
8..│15.│.29
6.9│48.│7.3
2.5│..6│.8.
[2J[;H357│841│962
926│375│418
481│629│375
───┼───┼───
592│763│.41
.34│..8│29.
168│.9.│5..
───┼───┼───
8..│15.│.29
6.9│48.│7.3
2.5│..6│.8.
[2J[;H357│841│962
926│375│418
481│629│375
───┼───┼───
592│763│.41
.34│..8│29.
168│.9.│5..
───┼───┼───
8..│15.│.29
6.9│48.│7.3
2.5│..6│.8.
[2J[;H357│841│962
926│375│418
481│629│375
───┼───┼───
592│763│841
.34│..8│29.
168│.9.│5..
───┼───┼───
8..│15.│.29
6.9│48.│7.3
2.5│..6│.8.
[2J[;H357│841│962
926│375│418
481│629│375
───┼───┼───
592│763│841
.34│..8│29.
168│.9.│5..
───┼───┼───
8..│15.│.29
6.9│48.│7.3
2.5│..6│.8.
[2J[;H357│841│962
926│375│418
481│629│375
───┼───┼───
592│763│841
.34│..8│29.
168│.9.│5..
───┼───┼───
8..│15.│.29
6.9│48.│7.3
2.5│..6│.8.
[2J[;H357│841│962
926│375│418
481│629│375
───┼───┼───
592│763│841
734│..8│29.
168│.9.│5..
───┼───┼───
8..│15.│.29
6.9│48.│7.3
2.5│..6│.8.
[2J[;H357│841│962
926│375│418
481│629│375
───┼───┼───
592│763│841
734│..8│29.
168│.9.│5..
───┼───┼───
8..│15.│.29
6.9│48.│7.3
2.5│..6│.8.
[2J[;H357│841│962
926│375│418
481│629│375
───┼───┼───
592│763│841
734│..8│29.
168│.9.│5..
───┼───┼───
8..│15.│.29
6.9│48.│7.3
2.5│..6│.8.
[2J[;H357│841│962
926│375│418
481│629│375
───┼───┼───
592│763│841
734│5.8│29.
168│.9.│5..
───┼───┼───
8..│15.│.29
6.9│48.│7.3
2.5│..6│.8.
[2J[;H357│841│962
926│375│418
481│629│375
───┼───┼───
592│763│841
734│518│29.
168│.9.│5..
───┼───┼───
8..│15.│.29
6.9│48.│7.3
2.5│..6│.8.
[2J[;H357│841│962
926│375│418
481│629│375
───┼───┼───
592│763│841
734│518│29.
168│.9.│5..
───┼───┼───
8..│15.│.29
6.9│48.│7.3
2.5│..6│.8.
[2J[;H357│841│962
926│375│418
481│629│375
───┼───┼───
592│763│841
734│518│29.
168│.9.│5..
───┼───┼───
8..│15.│.29
6.9│48.│7.3
2.5│..6│.8.
[2J[;H357│841│962
926│375│418
481│629│375
───┼───┼───
592│763│841
734│518│29.
168│.9.│5..
───┼───┼───
8..│15.│.29
6.9│48.│7.3
2.5│..6│.8.
[2J[;H357│841│962
926│375│418
481│629│375
───┼───┼───
592│763│841
734│518│296
168│.9.│5..
───┼───┼───
8..│15.│.29
6.9│48.│7.3
2.5│..6│.8.
[2J[;H357│841│962
926│375│418
481│629│375
───┼───┼───
592│763│841
734│518│296
168│.9.│5..
───┼───┼───
8..│15.│.29
6.9│48.│7.3
2.5│..6│.8.
[2J[;H357│841│962
926│375│418
481│629│375
───┼───┼───
592│763│841
734│518│296
168│.9.│5..
───┼───┼───
8..│15.│.29
6.9│48.│7.3
2.5│..6│.8.
[2J[;H357│841│962
926│375│418
481│629│375
───┼───┼───
592│763│841
734│518│296
168│.9.│5..
───┼───┼───
8..│15.│.29
6.9│48.│7.3
2.5│..6│.8.
[2J[;H357│841│962
926│375│418
481│629│375
───┼───┼───
592│763│841
734│518│296
168│29.│5..
───┼───┼───
8..│15.│.29
6.9│48.│7.3
2.5│..6│.8.
[2J[;H357│841│962
926│375│418
481│629│375
───┼───┼───
592│763│841
734│518│296
168│29.│5..
───┼───┼───
8..│15.│.29
6.9│48.│7.3
2.5│..6│.8.
[2J[;H357│841│962
926│375│418
481│629│375
───┼───┼───
592│763│841
734│518│296
168│294│5..
───┼───┼───
8..│15.│.29
6.9│48.│7.3
2.5│..6│.8.
[2J[;H357│841│962
926│375│418
481│629│375
───┼───┼───
592│763│841
734│518│296
168│294│5..
───┼───┼───
8..│15.│.29
6.9│48.│7.3
2.5│..6│.8.
[2J[;H357│841│962
926│375│418
481│629│375
───┼───┼───
592│763│841
734│518│296
168│294│53.
───┼───┼───
8..│15.│.29
6.9│48.│7.3
2.5│..6│.8.
[2J[;H357│841│962
926│375│418
481│629│375
───┼───┼───
592│763│841
734│518│296
168│294│537
───┼───┼───
8..│15.│.29
6.9│48.│7.3
2.5│..6│.8.
[2J[;H357│841│962
926│375│418
481│629│375
───┼───┼───
592│763│841
734│518│296
168│294│537
───┼───┼───
8..│15.│.29
6.9│48.│7.3
2.5│..6│.8.
[2J[;H357│841│962
926│375│418
481│629│375
───┼───┼───
592│763│841
734│518│296
168│294│537
───┼───┼───
84.│15.│.29
6.9│48.│7.3
2.5│..6│.8.
[2J[;H357│841│962
926│375│418
481│629│375
───┼───┼───
592│763│841
734│518│296
168│294│537
───┼───┼───
843│15.│.29
6.9│48.│7.3
2.5│..6│.8.
[2J[;H357│841│962
926│375│418
481│629│375
───┼───┼───
592│763│841
734│518│296
168│294│537
───┼───┼───
843│15.│.29
6.9│48.│7.3
2.5│..6│.8.
[2J[;H357│841│962
926│375│418
481│629│375
───┼───┼───
592│763│841
734│518│296
168│294│537
───┼───┼───
843│15.│.29
6.9│48.│7.3
2.5│..6│.8.
[2J[;H357│841│962
926│375│418
481│629│375
───┼───┼───
592│763│841
734│518│296
168│294│537
───┼───┼───
843│157│.29
6.9│48.│7.3
2.5│..6│.8.
[2J[;H357│841│962
926│375│418
481│629│375
───┼───┼───
592│763│841
734│518│296
168│294│537
───┼───┼───
843│157│629
6.9│48.│7.3
2.5│..6│.8.
[2J[;H357│841│962
926│375│418
481│629│375
───┼───┼───
592│763│841
734│518│296
168│294│537
───┼───┼───
843│157│629
6.9│48.│7.3
2.5│..6│.8.
[2J[;H357│841│962
926│375│418
481│629│375
───┼───┼───
592│763│841
734│518│296
168│294│537
───┼───┼───
843│157│629
6.9│48.│7.3
2.5│..6│.8.
[2J[;H357│841│962
926│375│418
481│629│375
───┼───┼───
592│763│841
734│518│296
168│294│537
───┼───┼───
843│157│629
6.9│48.│7.3
2.5│..6│.8.
[2J[;H357│841│962
926│375│418
481│629│375
───┼───┼───
592│763│841
734│518│296
168│294│537
───┼───┼───
843│157│629
619│48.│7.3
2.5│..6│.8.
[2J[;H357│841│962
926│375│418
481│629│375
───┼───┼───
592│763│841
734│518│296
168│294│537
───┼───┼───
843│157│629
619│48.│7.3
2.5│..6│.8.
[2J[;H357│841│962
926│375│418
481│629│375
───┼───┼───
592│763│841
734│518│296
168│294│537
───┼───┼───
843│157│629
619│48.│7.3
2.5│..6│.8.
[2J[;H357│841│962
926│375│418
481│629│375
───┼───┼───
592│763│841
734│518│296
168│294│537
───┼───┼───
843│157│629
619│48.│7.3
2.5│..6│.8.
[2J[;H357│841│962
926│375│418
481│629│375
───┼───┼───
592│763│841
734│518│296
168│294│537
───┼───┼───
843│157│629
619│482│7.3
2.5│..6│.8.
[2J[;H357│841│962
926│375│418
481│629│375
───┼───┼───
592│763│841
734│518│296
168│294│537
───┼───┼───
843│157│629
619│482│7.3
2.5│..6│.8.
[2J[;H357│841│962
926│375│418
481│629│375
───┼───┼───
592│763│841
734│518│296
168│294│537
───┼───┼───
843│157│629
619│482│753
2.5│..6│.8.
[2J[;H357│841│962
926│375│418
481│629│375
───┼───┼───
592│763│841
734│518│296
168│294│537
───┼───┼───
843│157│629
619│482│753
2.5│..6│.8.
[2J[;H357│841│962
926│375│418
481│629│375
───┼───┼───
592│763│841
734│518│296
168│294│537
───┼───┼───
843│157│629
619│482│753
2.5│..6│.8.
[2J[;H357│841│962
926│375│418
481│629│375
───┼───┼───
592│763│841
734│518│296
168│294│537
───┼───┼───
843│157│629
619│482│753
275│..6│.8.
[2J[;H357│841│962
926│375│418
481│629│375
───┼───┼───
592│763│841
734│518│296
168│294│537
───┼───┼───
843│157│629
619│482│753
275│..6│.8.
[2J[;H357│841│962
926│375│418
481│629│375
───┼───┼───
592│763│841
734│518│296
168│294│537
───┼───┼───
843│157│629
619│482│753
275│9.6│.8.
[2J[;H357│841│962
926│375│418
481│629│375
───┼───┼───
592│763│841
734│518│296
168│294│537
───┼───┼───
843│157│629
619│482│753
275│936│.8.
[2J[;H357│841│962
926│375│418
481│629│375
───┼───┼───
592│763│841
734│518│296
168│294│537
───┼───┼───
843│157│629
619│482│753
275│936│.8.
[2J[;H357│841│962
926│375│418
481│629│375
───┼───┼───
592│763│841
734│518│296
168│294│537
───┼───┼───
843│157│629
619│482│753
275│936│18.
[2J[;H357│841│962
926│375│418
481│629│375
───┼───┼───
592│763│841
734│518│296
168│294│537
───┼───┼───
843│157│629
619│482│753
275│936│18.
[2J[;H357│841│962
926│375│418
481│629│375
───┼───┼───
592│763│841
734│518│296
168│294│537
───┼───┼───
843│157│629
619│482│753
275│936│184
[2J[;H357│841│962
926│375│418
481│629│375
───┼───┼───
592│763│841
734│518│296
168│294│537
───┼───┼───
843│157│629
619│482│753
275│936│184
